This is pdfTeX, Version 3.14159265-2.6-1.40.17 (MiKTeX 2.9) (preloaded format=pdflatex 2016.6.9)  30 AUG 2016 21:27
entering extended mode
**Z:/fzhang/Research/rvd_review/nar-latex2010/NAR-sample.tex
(Z:/fzhang/Research/rvd_review/nar-latex2010/NAR-sample.tex
LaTeX2e <2016/03/31>
Babel <3.9r> and hyphenation patterns for 75 language(s) loaded.
(Z:/fzhang/Research/rvd_review/nar-latex2010\NAR.cls
Document Class: NAR 2012/07/01 v1.5 Standard LaTeX document class
(Z:/fzhang/Research/rvd_review/nar-latex2010\fleqn.clo
File: fleqn.clo 1998/08/17 v1.1c Standard LaTeX option (flush left equations)
\mathindent=\dimen102
)
(Z:/fzhang/Research/rvd_review/nar-latex2010\crop.sty
Package: crop 2001/11/16 v1.6 cropmarks (mf)
\CROP@width=\dimen103
\CROP@height=\dimen104
\CROP@index=\count79

("C:\Program Files (x86)\MiKTeX 2.9\tex\latex\graphics\graphics.sty"
Package: graphics 2016/05/09 v1.0r Standard LaTeX Graphics (DPC,SPQR)

("C:\Program Files (x86)\MiKTeX 2.9\tex\latex\graphics\trig.sty"
Package: trig 2016/01/03 v1.10 sin cos tan (DPC)
)
("C:\Program Files (x86)\MiKTeX 2.9\tex\latex\00miktex\graphics.cfg"
File: graphics.cfg 2016/01/02 v1.10 sample graphics configuration
)
Package graphics Info: Driver file: pdftex.def on input line 96.

("C:\Program Files (x86)\MiKTeX 2.9\tex\latex\pdftex-def\pdftex.def"
File: pdftex.def 2011/05/27 v0.06d Graphics/color for pdfTeX

("C:\Program Files (x86)\MiKTeX 2.9\tex\generic\oberdiek\infwarerr.sty"
Package: infwarerr 2016/05/16 v1.4 Providing info/warning/error messages (HO)
)
("C:\Program Files (x86)\MiKTeX 2.9\tex\generic\oberdiek\ltxcmds.sty"
Package: ltxcmds 2016/05/16 v1.23 LaTeX kernel commands for general use (HO)
)
\Gread@gobject=\count80
))
\CROP@offset=\count81
Package crop Info: Local config file crop.cfg used on input line 346.

("C:\Program Files (x86)\MiKTeX 2.9\tex\xelatex\xetexconfig\crop.cfg"))
Package crop Info: using pdf(la)tex graphics driver on input line 76.

("C:\Program Files (x86)\MiKTeX 2.9\tex\latex\base\inputenc.sty"
Package: inputenc 2015/03/17 v1.2c Input encoding file
\inpenc@prehook=\toks14
\inpenc@posthook=\toks15
)
("C:\Program Files (x86)\MiKTeX 2.9\tex\latex\amsmath\amsmath.sty"
Package: amsmath 2016/03/10 v2.15b AMS math features
\@mathmargin=\skip41

For additional information on amsmath, use the `?' option.
("C:\Program Files (x86)\MiKTeX 2.9\tex\latex\amsmath\amstext.sty"
Package: amstext 2000/06/29 v2.01 AMS text

("C:\Program Files (x86)\MiKTeX 2.9\tex\latex\amsmath\amsgen.sty"
File: amsgen.sty 1999/11/30 v2.0 generic functions
\@emptytoks=\toks16
\ex@=\dimen105
))
("C:\Program Files (x86)\MiKTeX 2.9\tex\latex\amsmath\amsbsy.sty"
Package: amsbsy 1999/11/29 v1.2d Bold Symbols
\pmbraise@=\dimen106
)
("C:\Program Files (x86)\MiKTeX 2.9\tex\latex\amsmath\amsopn.sty"
Package: amsopn 2016/03/08 v2.02 operator names
)
\inf@bad=\count82
LaTeX Info: Redefining \frac on input line 199.
\uproot@=\count83
\leftroot@=\count84
LaTeX Info: Redefining \overline on input line 297.
\classnum@=\count85
\DOTSCASE@=\count86
LaTeX Info: Redefining \ldots on input line 394.
LaTeX Info: Redefining \dots on input line 397.
LaTeX Info: Redefining \cdots on input line 518.
\Mathstrutbox@=\box26
\strutbox@=\box27
\big@size=\dimen107
LaTeX Font Info:    Redeclaring font encoding OML on input line 634.
LaTeX Font Info:    Redeclaring font encoding OMS on input line 635.
\macc@depth=\count87
\c@MaxMatrixCols=\count88
\dotsspace@=\muskip10
\c@parentequation=\count89
\dspbrk@lvl=\count90
\tag@help=\toks17
\row@=\count91
\column@=\count92
\maxfields@=\count93
\andhelp@=\toks18
\eqnshift@=\dimen108
\alignsep@=\dimen109
\tagshift@=\dimen110
\tagwidth@=\dimen111
\totwidth@=\dimen112
\lineht@=\dimen113
\@envbody=\toks19
\multlinegap=\skip42
\multlinetaggap=\skip43
\mathdisplay@stack=\toks20
LaTeX Info: Redefining \[ on input line 2739.
LaTeX Info: Redefining \] on input line 2740.
)
("C:\Program Files (x86)\MiKTeX 2.9\tex\latex\amsfonts\amssymb.sty"
Package: amssymb 2013/01/14 v3.01 AMS font symbols

("C:\Program Files (x86)\MiKTeX 2.9\tex\latex\amsfonts\amsfonts.sty"
Package: amsfonts 2013/01/14 v3.01 Basic AMSFonts support
\symAMSa=\mathgroup4
\symAMSb=\mathgroup5
LaTeX Font Info:    Overwriting math alphabet `\mathfrak' in version `bold'
(Font)                  U/euf/m/n --> U/euf/b/n on input line 106.
))
("C:\Program Files (x86)\MiKTeX 2.9\tex\latex\base\latexsym.sty"
Package: latexsym 1998/08/17 v2.2e Standard LaTeX package (lasy symbols)
\symlasy=\mathgroup6
LaTeX Font Info:    Overwriting symbol font `lasy' in version `bold'
(Font)                  U/lasy/m/n --> U/lasy/b/n on input line 52.
)
("C:\Program Files (x86)\MiKTeX 2.9\tex\latex\float\float.sty"
Package: float 2001/11/08 v1.3d Float enhancements (AL)
\c@float@type=\count94
\float@exts=\toks21
\float@box=\box28
\@float@everytoks=\toks22
\@floatcapt=\box29
)
("C:\Program Files (x86)\MiKTeX 2.9\tex\latex\graphics\epsfig.sty"
Package: epsfig 1999/02/16 v1.7a (e)psfig emulation (SPQR)

("C:\Program Files (x86)\MiKTeX 2.9\tex\latex\graphics\graphicx.sty"
Package: graphicx 2014/10/28 v1.0g Enhanced LaTeX Graphics (DPC,SPQR)

("C:\Program Files (x86)\MiKTeX 2.9\tex\latex\graphics\keyval.sty"
Package: keyval 2014/10/28 v1.15 key=value parser (DPC)
\KV@toks@=\toks23
)
\Gin@req@height=\dimen114
\Gin@req@width=\dimen115
)
\epsfxsize=\dimen116
\epsfysize=\dimen117
)
("C:\Program Files (x86)\MiKTeX 2.9\tex\latex\wrapfig\wrapfig.sty"
\wrapoverhang=\dimen118
\WF@size=\dimen119
\c@WF@wrappedlines=\count95
\WF@box=\box30
\WF@everypar=\toks24
Package: wrapfig 2003/01/31  v 3.6
)
("C:\Program Files (x86)\MiKTeX 2.9\tex\latex\sttools\stfloats.sty"
Package: stfloats 2016/06/28 v3.2 Improve float mechanism and baselineskip sett
ings
\@dblbotnum=\count96
\c@dblbotnumber=\count97
)
("C:\Program Files (x86)\MiKTeX 2.9\tex\latex\tools\multicol.sty"
Package: multicol 2016/04/07 v1.8p multicolumn formatting (FMi)
\c@tracingmulticols=\count98
\mult@box=\box31
\multicol@leftmargin=\dimen120
\c@unbalance=\count99
\c@collectmore=\count100
\doublecol@number=\count101
\multicoltolerance=\count102
\multicolpretolerance=\count103
\full@width=\dimen121
\page@free=\dimen122
\premulticols=\dimen123
\postmulticols=\dimen124
\multicolsep=\skip44
\multicolbaselineskip=\skip45
\partial@page=\box32
\last@line=\box33
\maxbalancingoverflow=\dimen125
\mult@rightbox=\box34
\mult@grightbox=\box35
\mult@gfirstbox=\box36
\mult@firstbox=\box37
\@tempa=\box38
\@tempa=\box39
\@tempa=\box40
\@tempa=\box41
\@tempa=\box42
\@tempa=\box43
\@tempa=\box44
\@tempa=\box45
\@tempa=\box46
\@tempa=\box47
\@tempa=\box48
\@tempa=\box49
\@tempa=\box50
\@tempa=\box51
\@tempa=\box52
\@tempa=\box53
\@tempa=\box54
\c@columnbadness=\count104
\c@finalcolumnbadness=\count105
\last@try=\dimen126
\multicolovershoot=\dimen127
\multicolundershoot=\dimen128
\mult@nat@firstbox=\box55
\colbreak@box=\box56
\mc@col@check@num=\count106
)
("C:\Program Files (x86)\MiKTeX 2.9\tex\latex\rotating\rotating.sty"
Package: rotating 2009/03/28 v2.16a rotated objects in LaTeX

("C:\Program Files (x86)\MiKTeX 2.9\tex\latex\base\ifthen.sty"
Package: ifthen 2014/09/29 v1.1c Standard LaTeX ifthen package (DPC)
)
\c@r@tfl@t=\count107
\rotFPtop=\skip46
\rotFPbot=\skip47
\rot@float@box=\box57
\rot@mess@toks=\toks25
)
("C:\Program Files (x86)\MiKTeX 2.9\tex\latex\multirow\multirow.sty"
\bigstrutjot=\dimen129
)
("C:\Program Files (x86)\MiKTeX 2.9\tex\latex\tools\dcolumn.sty"
Package: dcolumn 2014/10/28 v1.06 decimal alignment package (DPC)

("C:\Program Files (x86)\MiKTeX 2.9\tex\latex\tools\array.sty"
Package: array 2014/10/28 v2.4c Tabular extension package (FMi)
\col@sep=\dimen130
\extrarowheight=\dimen131
\NC@list=\toks26
\extratabsurround=\skip48
\backup@length=\skip49
))
("C:\Program Files (x86)\MiKTeX 2.9\tex\latex\boxedminipage\boxedminipage.sty")
("C:\Program Files (x86)\MiKTeX 2.9\tex\latex\base\makeidx.sty"
Package: makeidx 2014/09/29 v1.0m Standard LaTeX package
)
("C:\Program Files (x86)\MiKTeX 2.9\tex\latex\soul\soul.sty"
Package: soul 2003/11/17 v2.4 letterspacing/underlining (mf)
\SOUL@word=\toks27
\SOUL@lasttoken=\toks28
\SOUL@cmds=\toks29
\SOUL@buffer=\toks30
\SOUL@token=\toks31
\SOUL@spaceskip=\skip50
\SOUL@ttwidth=\dimen132
\SOUL@uldp=\dimen133
\SOUL@ulht=\dimen134
)
("C:\Program Files (x86)\MiKTeX 2.9\tex\latex\url\url.sty"
\Urlmuskip=\muskip11
Package: url 2013/09/16  ver 3.4  Verb mode for urls, etc.
)
("C:\Program Files (x86)\MiKTeX 2.9\tex\latex\tools\xspace.sty"
Package: xspace 2014/10/28 v1.13 Space after command names (DPC,MH)
)
(Z:/fzhang/Research/rvd_review/nar-latex2010\times.sty
Package: times 2000/01/12 PSNFSS-v8.1 Times font as default roman (SPQR) 
)
\jnameskip=\skip51
\titleskip=\dimen135
\ruleskip=\dimen136
\ruleht=\dimen137
\droplines=\count108
\dropsep=\dimen138
\capvskip=\skip52
\caphskip=\skip53
\capwd=\dimen139
\droplinewd=\dimen140
\c@part=\count109
\c@section=\count110
\c@subsection=\count111
\c@subsubsection=\count112
\c@paragraph=\count113
\c@subparagraph=\count114
\labelwidthi=\dimen141
\labelwidthii=\dimen142
\labelwidthiii=\dimen143
\labelwidthiv=\dimen144
\topsepi=\skip54
\topsepii=\skip55
\topsepiii=\skip56
\topsepiv=\skip57
\itemsepi=\skip58
\itemsepii=\skip59
\itemsepiii=\skip60
\itemsepiv=\skip61
\labelsepi=\dimen145
\labelsepii=\dimen146
\labelsepiii=\dimen147
\labelsepiv=\dimen148
\parsepi=\dimen149
\parsepii=\dimen150
\parsepiii=\dimen151
\parsepiv=\dimen152
\rightmargini=\dimen153
\rightmarginii=\dimen154
\rightmarginiii=\dimen155
\rightmarginiv=\dimen156
\itemindenti=\dimen157
\itemindentii=\dimen158
\itemindentiii=\dimen159
\itemindentiv=\dimen160
\labelleftmargin=\dimen161
\c@figure=\count115
\c@table=\count116
\abovecaptionskip=\skip62
\belowcaptionskip=\skip63
\figurewidth=\dimen162
\figureheight=\dimen163
\dwidth=\dimen164
\dheight=\dimen165
\ncolumns=\count117
\nrows=\count118
\tablewd=\dimen166
\tablewidth=\dimen167
\captionwd=\dimen168
\tempbox=\box58
\tableleftskip=\skip64
\tablerightskip=\skip65
\tablecapleftskip=\skip66
\tablecaprightskip=\skip67
\tablefootleftskip=\skip68
\tablefootrightskip=\skip69
\footnumskip=\dimen169
\bibindent=\dimen170
\maxbibwd=\dimen171

(Z:/fzhang/Research/rvd_review/nar-latex2010\NAR-natbib.sty
Package: NAR-natbib 2000/07/24 7.0a (PWD)
\bibhang=\skip70
\bibsep=\skip71
LaTeX Info: Redefining \cite on input line 509.
\c@NAT@ctr=\count119
)
\hours=\count120
\minutes=\count121
\grid@sidemargin=\dimen172
\grid@wd=\dimen173
\grid@ht=\dimen174
\grid@linewd=\dimen175
\grid@topofline=\dimen176
LaTeX Info: Redefining \textso on input line 1856.
\currfontsize=\dimen177

("C:\Program Files (x86)\MiKTeX 2.9\tex\latex\amscls\amsthm.sty"
Package: amsthm 2015/03/04 v2.20.2
\thm@style=\toks32
\thm@bodyfont=\toks33
\thm@headfont=\toks34
\thm@notefont=\toks35
\thm@headpunct=\toks36
\thm@preskip=\skip72
\thm@postskip=\skip73
\thm@headsep=\skip74
\dth@everypar=\toks37
)
\@indexfile=\write3
\openout3 = `NAR-sample.idx'.


Writing index file NAR-sample.idx
)
No file NAR-sample.aux.
\openout1 = `NAR-sample.aux'.

LaTeX Font Info:    Checking defaults for OML/cmm/m/it on input line 12.
LaTeX Font Info:    ... okay on input line 12.
LaTeX Font Info:    Checking defaults for T1/cmr/m/n on input line 12.
LaTeX Font Info:    ... okay on input line 12.
LaTeX Font Info:    Checking defaults for OT1/cmr/m/n on input line 12.
LaTeX Font Info:    ... okay on input line 12.
LaTeX Font Info:    Checking defaults for OMS/cmsy/m/n on input line 12.
LaTeX Font Info:    ... okay on input line 12.
LaTeX Font Info:    Checking defaults for OMX/cmex/m/n on input line 12.
LaTeX Font Info:    ... okay on input line 12.
LaTeX Font Info:    Checking defaults for U/cmr/m/n on input line 12.
LaTeX Font Info:    ... okay on input line 12.
LaTeX Font Info:    Try loading font information for OT1+ptm on input line 12.
("C:\Program Files (x86)\MiKTeX 2.9\tex\latex\psnfss\ot1ptm.fd"
File: ot1ptm.fd 2001/06/04 font definitions for OT1/ptm.
)
("C:\Program Files (x86)\MiKTeX 2.9\tex\context\base\supp-pdf.mkii"
[Loading MPS to PDF converter (version 2006.09.02).]
\scratchcounter=\count122
\scratchdimen=\dimen178
\scratchbox=\box59
\nofMPsegments=\count123
\nofMParguments=\count124
\everyMPshowfont=\toks38
\MPscratchCnt=\count125
\MPscratchDim=\dimen179
\MPnumerator=\count126
\makeMPintoPDFobject=\count127
\everyMPtoPDFconversion=\toks39
) ("C:\Program Files (x86)\MiKTeX 2.9\tex\generic\oberdiek\pdftexcmds.sty"
Package: pdftexcmds 2016/05/21 v0.22 Utility functions of pdfTeX for LuaTeX (HO
)

("C:\Program Files (x86)\MiKTeX 2.9\tex\generic\oberdiek\ifluatex.sty"
Package: ifluatex 2016/05/16 v1.4 Provides the ifluatex switch (HO)
Package ifluatex Info: LuaTeX not detected.
)
("C:\Program Files (x86)\MiKTeX 2.9\tex\generic\oberdiek\ifpdf.sty"
Package: ifpdf 2016/05/14 v3.1 Provides the ifpdf switch
)
Package pdftexcmds Info: LuaTeX not detected.
Package pdftexcmds Info: \pdf@primitive is available.
Package pdftexcmds Info: \pdf@ifprimitive is available.
Package pdftexcmds Info: \pdfdraftmode found.
)
("C:\Program Files (x86)\MiKTeX 2.9\tex\latex\oberdiek\epstopdf-base.sty"
Package: epstopdf-base 2016/05/15 v2.6 Base part for package epstopdf

("C:\Program Files (x86)\MiKTeX 2.9\tex\latex\oberdiek\grfext.sty"
Package: grfext 2016/05/16 v1.2 Manage graphics extensions (HO)

("C:\Program Files (x86)\MiKTeX 2.9\tex\generic\oberdiek\kvdefinekeys.sty"
Package: kvdefinekeys 2016/05/16 v1.4 Define keys (HO)
))
("C:\Program Files (x86)\MiKTeX 2.9\tex\latex\oberdiek\kvoptions.sty"
Package: kvoptions 2016/05/16 v3.12 Key value format for package options (HO)

("C:\Program Files (x86)\MiKTeX 2.9\tex\generic\oberdiek\kvsetkeys.sty"
Package: kvsetkeys 2016/05/16 v1.17 Key value parser (HO)

("C:\Program Files (x86)\MiKTeX 2.9\tex\generic\oberdiek\etexcmds.sty"
Package: etexcmds 2016/05/16 v1.6 Avoid name clashes with e-TeX commands (HO)
Package etexcmds Info: Could not find \expanded.
(etexcmds)             That can mean that you are not using pdfTeX 1.50 or
(etexcmds)             that some package has redefined \expanded.
(etexcmds)             In the latter case, load this package earlier.
)))
Package grfext Info: Graphics extension search list:
(grfext)             [.png,.pdf,.jpg,.mps,.jpeg,.jbig2,.jb2,.PNG,.PDF,.JPG,.JPE
G,.JBIG2,.JB2,.eps]
(grfext)             \AppendGraphicsExtensions on input line 456.
)

LaTeX Font Warning: Font shape `OT1/cmss/b/n' undefined
(Font)              using `OT1/cmss/m/n' instead on input line 36.


LaTeX Font Warning: Font shape `OT1/cmss/m/n' in size <20> not available
(Font)              size <20.74> substituted on input line 36.


LaTeX Font Warning: Font shape `OT1/cmss/b/n' in size <20> not available
(Font)              size <20.74> substituted on input line 36.

LaTeX Font Info:    Try loading font information for U+msa on input line 36.
("C:\Program Files (x86)\MiKTeX 2.9\tex\latex\amsfonts\umsa.fd"
File: umsa.fd 2013/01/14 v3.01 AMS symbols A
)
LaTeX Font Info:    Try loading font information for U+msb on input line 36.

("C:\Program Files (x86)\MiKTeX 2.9\tex\latex\amsfonts\umsb.fd"
File: umsb.fd 2013/01/14 v3.01 AMS symbols B
)
LaTeX Font Info:    Try loading font information for U+lasy on input line 36.

("C:\Program Files (x86)\MiKTeX 2.9\tex\latex\base\ulasy.fd"
File: ulasy.fd 1998/08/17 v2.2e LaTeX symbol font definitions
)

LaTeX Font Warning: Font shape `OT1/cmss/n/n' undefined
(Font)              using `OT1/cmss/m/n' instead on input line 36.


Overfull \hbox (267.0pt too wide) in paragraph at lines 36--36
[][] 
 []

LaTeX Font Info:    Font shape `OT1/ptm/bx/n' in size <10> not available
(Font)              Font shape `OT1/ptm/b/n' tried instead on input line 76.

Package natbib Warning: Citation `1' on page 1 undefined on input line 76.


Package natbib Warning: Citation `2' on page 1 undefined on input line 136.


Package natbib Warning: Citation `3' on page 1 undefined on input line 136.

LaTeX Font Info:    Font shape `OT1/ptm/bx/it' in size <10> not available
(Font)              Font shape `OT1/ptm/b/it' tried instead on input line 148.
LaTeX Font Info:    Calculating math sizes for size <7.5> on input line 148.

LaTeX Font Warning: Font shape `OT1/cmr/m/n' in size <7.5> not available
(Font)              size <7> substituted on input line 148.


LaTeX Font Warning: Font shape `OT1/cmr/m/n' in size <3.75> not available
(Font)              size <5> substituted on input line 148.


LaTeX Font Warning: Font shape `OML/cmm/m/it' in size <7.5> not available
(Font)              size <7> substituted on input line 148.


LaTeX Font Warning: Font shape `OML/cmm/m/it' in size <3.75> not available
(Font)              size <5> substituted on input line 148.


LaTeX Font Warning: Font shape `OMS/cmsy/m/n' in size <7.5> not available
(Font)              size <7> substituted on input line 148.


LaTeX Font Warning: Font shape `OMS/cmsy/m/n' in size <3.75> not available
(Font)              size <5> substituted on input line 148.


LaTeX Font Warning: Font shape `U/lasy/m/n' in size <7.5> not available
(Font)              size <7> substituted on input line 148.


LaTeX Font Warning: Font shape `U/lasy/m/n' in size <3.75> not available
(Font)              size <5> substituted on input line 148.

LaTeX Font Info:    Try loading font information for OMS+ptm on input line 148.

("C:\Program Files (x86)\MiKTeX 2.9\tex\latex\psnfss\omsptm.fd"
File: omsptm.fd 
)
LaTeX Font Info:    Font shape `OMS/ptm/m/n' in size <7.5> not available
(Font)              Font shape `OMS/cmsy/m/n' tried instead on input line 148.


LaTeX Font Warning: Font shape `OMS/cmsy/m/n' in size <7.5> not available
(Font)              size <7> substituted on input line 148.

[1{C:/ProgramData/MiKTeX/2.9/pdftex/config/pdftex.map}


]

Package natbib Warning: Citation `4' on page 2 undefined on input line 165.


LaTeX Warning: Reference `NAR-fig1' on page 2 undefined on input line 226.

Package epstopdf Info: Source file: <NAR-fig1.eps>
(epstopdf)                    date: 2009-07-18 10:35:36
(epstopdf)                    size: 441058 bytes
(epstopdf)             Output file: <NAR-fig1-eps-converted-to.pdf>
(epstopdf)             Command: <epstopdf --outfile=NAR-fig1-eps-converted-to.p
df NAR-fig1.eps>
(epstopdf)             \includegraphics on input line 248.
runsystem(epstopdf --outfile=NAR-fig1-eps-converted-to.pdf NAR-fig1.eps)...exec
uted (allowed).

Package epstopdf Info: Result file: <NAR-fig1-eps-converted-to.pdf>
(epstopdf)                    date: 2016-08-30 21:28:03
(epstopdf)                    size: 10259 bytes.
<NAR-fig1-eps-converted-to.pdf, id=21, 207.77625pt x 110.4125pt>
File: NAR-fig1-eps-converted-to.pdf Graphic file (type pdf)

<use NAR-fig1-eps-converted-to.pdf>
Package pdftex.def Info: NAR-fig1-eps-converted-to.pdf used on input line 248.
(pdftex.def)             Requested size: 207.77573pt x 110.41222pt.

Underfull \hbox (badness 10000) in alignment at lines 291--291
[][][][][] 
 []


Underfull \hbox (badness 10000) in alignment at lines 291--291
[][][][][] 
 []

[2 <./NAR-fig1-eps-converted-to.pdf>]

LaTeX Warning: Reference `table:01' on page 3 undefined on input line 299.


LaTeX Warning: Reference `NAR-fig2' on page 3 undefined on input line 304.

Package epstopdf Info: Source file: <NAR-fig2.eps>
(epstopdf)                    date: 2009-07-18 10:42:36
(epstopdf)                    size: 552142 bytes
(epstopdf)             Output file: <NAR-fig2-eps-converted-to.pdf>
(epstopdf)             Command: <epstopdf --outfile=NAR-fig2-eps-converted-to.p
df NAR-fig2.eps>
(epstopdf)             \includegraphics on input line 321.
runsystem(epstopdf --outfile=NAR-fig2-eps-converted-to.pdf NAR-fig2.eps)...exec
uted (allowed).

Package epstopdf Info: Result file: <NAR-fig2-eps-converted-to.pdf>
(epstopdf)                    date: 2016-08-30 21:28:05
(epstopdf)                    size: 14072 bytes.
<NAR-fig2-eps-converted-to.pdf, id=30, 455.7025pt x 158.5925pt>
File: NAR-fig2-eps-converted-to.pdf Graphic file (type pdf)

<use NAR-fig2-eps-converted-to.pdf>
Package pdftex.def Info: NAR-fig2-eps-converted-to.pdf used on input line 321.
(pdftex.def)             Requested size: 455.70137pt x 158.59209pt.
LaTeX Font Info:    Font shape `OT1/ptm/bx/n' in size <8> not available
(Font)              Font shape `OT1/ptm/b/n' tried instead on input line 326.
 [3 <./NAR-fig2-eps-converted-to.pdf>]

Package natbib Warning: There were undefined citations.

[4] (NAR-sample.aux

Package natbib Warning: Citation(s) may have changed.
(natbib)                Rerun to get citations correct.

)

LaTeX Font Warning: Size substitutions with differences
(Font)              up to 1.25pt have occurred.


LaTeX Font Warning: Some font shapes were not available, defaults substituted.


LaTeX Warning: There were undefined references.


LaTeX Warning: Label(s) may have changed. Rerun to get cross-references right.

 ) 
Here is how much of TeX's memory you used:
 4091 strings out of 493335
 53540 string characters out of 3136672
 144511 words of memory out of 3000000
 7478 multiletter control sequences out of 15000+200000
 30015 words of font info for 78 fonts, out of 3000000 for 9000
 1150 hyphenation exceptions out of 8191
 38i,18n,34p,386b,336s stack positions out of 5000i,500n,10000p,200000b,50000s
{C:/Program Files (x86)/MiKTeX 2.9/fonts/enc/dvips/fontname/8r.enc}<C:/Progra
m Files (x86)/MiKTeX 2.9/fonts/type1/public/amsfonts/cm/cmex10.pfb><C:/Program 
Files (x86)/MiKTeX 2.9/fonts/type1/public/amsfonts/cm/cmmi10.pfb><C:/Program Fi
les (x86)/MiKTeX 2.9/fonts/type1/public/amsfonts/cm/cmmi8.pfb><C:/Program Files
 (x86)/MiKTeX 2.9/fonts/type1/public/amsfonts/cm/cmr10.pfb><C:/Program Files (x
86)/MiKTeX 2.9/fonts/type1/public/amsfonts/cm/cmr6.pfb><C:/Program Files (x86)/
MiKTeX 2.9/fonts/type1/public/amsfonts/cm/cmr8.pfb><C:/Program Files (x86)/MiKT
eX 2.9/fonts/type1/public/amsfonts/cm/cmss10.pfb><C:/Program Files (x86)/MiKTeX
 2.9/fonts/type1/public/amsfonts/cm/cmss12.pfb><C:/Program Files (x86)/MiKTeX 2
.9/fonts/type1/public/amsfonts/cm/cmss17.pfb><C:/Program Files (x86)/MiKTeX 2.9
/fonts/type1/public/amsfonts/cm/cmss8.pfb><C:/Program Files (x86)/MiKTeX 2.9/fo
nts/type1/public/amsfonts/cm/cmsy10.pfb><C:/Program Files (x86)/MiKTeX 2.9/font
s/type1/public/amsfonts/cm/cmsy6.pfb><C:/Program Files (x86)/MiKTeX 2.9/fonts/t
ype1/public/amsfonts/cm/cmsy7.pfb><C:/Program Files (x86)/MiKTeX 2.9/fonts/type
1/public/amsfonts/cm/cmsy8.pfb><C:/Program Files (x86)/MiKTeX 2.9/fonts/type1/p
ublic/amsfonts/latxfont/lcircle1.pfb><C:/Program Files (x86)/MiKTeX 2.9/fonts/t
ype1/urw/times/utmb8a.pfb><C:/Program Files (x86)/MiKTeX 2.9/fonts/type1/urw/ti
mes/utmbi8a.pfb><C:/Program Files (x86)/MiKTeX 2.9/fonts/type1/urw/times/utmr8a
.pfb><C:/Program Files (x86)/MiKTeX 2.9/fonts/type1/urw/times/utmri8a.pfb>
Output written on NAR-sample.pdf (4 pages, 213140 bytes).
PDF statistics:
 100 PDF objects out of 1000 (max. 8388607)
 0 named destinations out of 1000 (max. 500000)
 11 words of extra memory for PDF output out of 10000 (max. 10000000)

